# JRE version: Java(TM) SE Runtime Environment (21.0.2+13) (build 21.0.2+13-LTS-58)
# Java VM: Java HotSpot(TM) 64-Bit Server VM (21.0.2+13-LTS-58, mixed mode, emulated-client, sharing, tiered, compressed oops, compressed class ptrs, g1 gc, windows-amd64)
GC Precious Log:
 CardTable entry size: 512
 Card Set container configuration: InlinePtr #cards 5 size 8 Array Of Cards #cards 12 size 40 Howl #buckets 4 coarsen threshold 1843 Howl Bitmap #cards 512 size 80 coarsen threshold 460 Card regions per heap region 1 cards per card region 2048
 CPUs: 8 total, 8 available
 Memory: 7872M
 Large Page Support: Disabled
 NUMA Support: Disabled
 Compressed Oops: Enabled (32-bit)
 Heap Region Size: 1M
 Heap Min Capacity: 8M
 Heap Initial Capacity: 124M
 Heap Max Capacity: 1970M
 Pre-touch: Disabled
 Parallel Workers: 8
 Concurrent Workers: 2
 Concurrent Refinement Workers: 8
 Periodic GC: Disabled
Heap:
 garbage-first heap   total 96256K, used 31086K [0x0000000084e00000, 0x0000000100000000)
  region size 1024K, 7 young (7168K), 4 survivors (4096K)
 Metaspace       used 62438K, committed 63168K, reserved 1114112K
  class space    used 8752K, committed 9088K, reserved 1048576K
GC Heap History (20 events):
Event: 1.819 GC heap before
{Heap before GC invocations=7 (full 0):
 garbage-first heap   total 66560K, used 52450K [0x0000000084e00000, 0x0000000100000000)
  region size 1024K, 39 young (39936K), 3 survivors (3072K)
 Metaspace       used 26765K, committed 27136K, reserved 1114112K
  class space    used 3556K, committed 3712K, reserved 1048576K
}
Event: 1.822 GC heap after
{Heap after GC invocations=8 (full 0):
 garbage-first heap   total 66560K, used 18271K [0x0000000084e00000, 0x0000000100000000)
  region size 1024K, 4 young (4096K), 4 survivors (4096K)
 Metaspace       used 26765K, committed 27136K, reserved 1114112K
  class space    used 3556K, committed 3712K, reserved 1048576K
}
Event: 2.139 GC heap before
{Heap before GC invocations=8 (full 0):
 garbage-first heap   total 66560K, used 53087K [0x0000000084e00000, 0x0000000100000000)
  region size 1024K, 39 young (39936K), 4 survivors (4096K)
 Metaspace       used 29462K, committed 29952K, reserved 1114112K
  class space    used 3967K, committed 4160K, reserved 1048576K
}
Event: 2.142 GC heap after
{Heap after GC invocations=9 (full 0):
 garbage-first heap   total 66560K, used 19953K [0x0000000084e00000, 0x0000000100000000)
  region size 1024K, 4 young (4096K), 4 survivors (4096K)
 Metaspace       used 29462K, committed 29952K, reserved 1114112K
  class space    used 3967K, committed 4160K, reserved 1048576K
}
Event: 2.401 GC heap before
{Heap before GC invocations=9 (full 0):
 garbage-first heap   total 66560K, used 55793K [0x0000000084e00000, 0x0000000100000000)
  region size 1024K, 39 young (39936K), 4 survivors (4096K)
 Metaspace       used 32645K, committed 33152K, reserved 1114112K
  class space    used 4435K, committed 4672K, reserved 1048576K
}
Event: 2.405 GC heap after
{Heap after GC invocations=10 (full 0):
 garbage-first heap   total 66560K, used 21778K [0x0000000084e00000, 0x0000000100000000)
  region size 1024K, 4 young (4096K), 4 survivors (4096K)
 Metaspace       used 32645K, committed 33152K, reserved 1114112K
  class space    used 4435K, committed 4672K, reserved 1048576K
}
Event: 2.598 GC heap before
{Heap before GC invocations=10 (full 0):
 garbage-first heap   total 66560K, used 46354K [0x0000000084e00000, 0x0000000100000000)
  region size 1024K, 29 young (29696K), 4 survivors (4096K)
 Metaspace       used 34174K, committed 34816K, reserved 1114112K
  class space    used 4663K, committed 4992K, reserved 1048576K
}
Event: 2.601 GC heap after
{Heap after GC invocations=11 (full 0):
 garbage-first heap   total 79872K, used 22760K [0x0000000084e00000, 0x0000000100000000)
  region size 1024K, 3 young (3072K), 3 survivors (3072K)
 Metaspace       used 34174K, committed 34816K, reserved 1114112K
  class space    used 4663K, committed 4992K, reserved 1048576K
}
Event: 2.840 GC heap before
{Heap before GC invocations=12 (full 0):
 garbage-first heap   total 79872K, used 66792K [0x0000000084e00000, 0x0000000100000000)
  region size 1024K, 46 young (47104K), 3 survivors (3072K)
 Metaspace       used 38433K, committed 39040K, reserved 1114112K
  class space    used 5258K, committed 5568K, reserved 1048576K
}
Event: 2.843 GC heap after
{Heap after GC invocations=13 (full 0):
 garbage-first heap   total 79872K, used 23492K [0x0000000084e00000, 0x0000000100000000)
  region size 1024K, 4 young (4096K), 4 survivors (4096K)
 Metaspace       used 38433K, committed 39040K, reserved 1114112K
  class space    used 5258K, committed 5568K, reserved 1048576K
}
Event: 3.114 GC heap before
{Heap before GC invocations=13 (full 0):
 garbage-first heap   total 79872K, used 66500K [0x0000000084e00000, 0x0000000100000000)
  region size 1024K, 46 young (47104K), 4 survivors (4096K)
 Metaspace       used 43956K, committed 44608K, reserved 1114112K
  class space    used 5963K, committed 6272K, reserved 1048576K
}
Event: 3.119 GC heap after
{Heap after GC invocations=14 (full 0):
 garbage-first heap   total 79872K, used 24811K [0x0000000084e00000, 0x0000000100000000)
  region size 1024K, 4 young (4096K), 4 survivors (4096K)
 Metaspace       used 43956K, committed 44608K, reserved 1114112K
  class space    used 5963K, committed 6272K, reserved 1048576K
}
Event: 3.444 GC heap before
{Heap before GC invocations=14 (full 0):
 garbage-first heap   total 79872K, used 67819K [0x0000000084e00000, 0x0000000100000000)
  region size 1024K, 46 young (47104K), 4 survivors (4096K)
 Metaspace       used 49523K, committed 50176K, reserved 1114112K
  class space    used 6717K, committed 6976K, reserved 1048576K
}
Event: 3.447 GC heap after
{Heap after GC invocations=15 (full 0):
 garbage-first heap   total 79872K, used 26029K [0x0000000084e00000, 0x0000000100000000)
  region size 1024K, 4 young (4096K), 4 survivors (4096K)
 Metaspace       used 49523K, committed 50176K, reserved 1114112K
  class space    used 6717K, committed 6976K, reserved 1048576K
}
Event: 3.712 GC heap before
{Heap before GC invocations=15 (full 0):
 garbage-first heap   total 79872K, used 68013K [0x0000000084e00000, 0x0000000100000000)
  region size 1024K, 46 young (47104K), 4 survivors (4096K)
 Metaspace       used 53241K, committed 53888K, reserved 1114112K
  class space    used 7198K, committed 7488K, reserved 1048576K
}
Event: 3.715 GC heap after
{Heap after GC invocations=16 (full 0):
 garbage-first heap   total 79872K, used 27418K [0x0000000084e00000, 0x0000000100000000)
  region size 1024K, 5 young (5120K), 5 survivors (5120K)
 Metaspace       used 53241K, committed 53888K, reserved 1114112K
  class space    used 7198K, committed 7488K, reserved 1048576K
}
Event: 3.937 GC heap before
{Heap before GC invocations=16 (full 0):
 garbage-first heap   total 79872K, used 61210K [0x0000000084e00000, 0x0000000100000000)
  region size 1024K, 40 young (40960K), 5 survivors (5120K)
 Metaspace       used 57626K, committed 58240K, reserved 1114112K
  class space    used 7940K, committed 8192K, reserved 1048576K
}
Event: 3.941 GC heap after
{Heap after GC invocations=17 (full 0):
 garbage-first heap   total 96256K, used 28078K [0x0000000084e00000, 0x0000000100000000)
  region size 1024K, 3 young (3072K), 3 survivors (3072K)
 Metaspace       used 57626K, committed 58240K, reserved 1114112K
  class space    used 7940K, committed 8192K, reserved 1048576K
}
Event: 4.341 GC heap before
{Heap before GC invocations=18 (full 0):
 garbage-first heap   total 96256K, used 82350K [0x0000000084e00000, 0x0000000100000000)
  region size 1024K, 56 young (57344K), 3 survivors (3072K)
 Metaspace       used 62380K, committed 63040K, reserved 1114112K
  class space    used 8745K, committed 9024K, reserved 1048576K
}
Event: 4.344 GC heap after
{Heap after GC invocations=19 (full 0):
 garbage-first heap   total 96256K, used 29038K [0x0000000084e00000, 0x0000000100000000)
  region size 1024K, 4 young (4096K), 4 survivors (4096K)
 Metaspace       used 62380K, committed 63040K, reserved 1114112K
  class space    used 8745K, committed 9024K, reserved 1048576K
}

